<?xml version="1.0" encoding="UTF-8" ?>
<testsuite errors="1" failures="0" hostname="xmd5a-desktop" name="net.osmand.router.RouteResultPreparationTest" skipped="0" tests="1" time="0.067" timestamp="2016-08-15T21:00:05">
  <properties>
[...]
</properties>
  <testcase classname="net.osmand.router.RouteResultPreparationTest" name="initializationError" time="0.008">
    <error message="test_turn_lanes.json (Нет такого файла или каталога)" type="java.io.FileNotFoundException">java.io.FileNotFoundException: test_turn_lanes.json (Нет такого файла или каталога)
	at java.io.FileInputStream.open0(Native Method)
	at java.io.FileInputStream.open(FileInputStream.java:195)
	at java.io.FileInputStream.&lt;init&gt;(FileInputStream.java:138)
	at java.io.FileInputStream.&lt;init&gt;(FileInputStream.java:93)
	at java.io.FileReader.&lt;init&gt;(FileReader.java:58)
	at net.osmand.router.RouteResultPreparationTest.data(Unknown Source)
	at java.lang.reflect.Constructor.newInstance(Constructor.java:423)
	at java.lang.reflect.Constructor.newInstance(Constructor.java:423)
</error>
  </testcase>
  <system-out><![CDATA[]]></system-out>
  <system-err><![CDATA[]]></system-err>
</testsuite>
