<?xml version="1.0" encoding="UTF-8" ?>
<testsuite errors="1" failures="0" hostname="xmd5a-desktop" name="net.osmand.search.LocationSearchTest" skipped="0" tests="1" time="0.0" timestamp="2016-08-15T21:00:05">
  <properties>
[...]
</properties>
  <error message="net.osmand.search.LocationSearchTest" type="java.lang.ClassNotFoundException">java.lang.ClassNotFoundException: net.osmand.search.LocationSearchTest
	at java.lang.ClassLoader.loadClass(ClassLoader.java:357)
	at java.lang.Class.forName0(Native Method)
	at java.lang.Class.forName(Class.java:348)
</error>
  <system-out><![CDATA[]]></system-out>
  <system-err><![CDATA[]]></system-err>
</testsuite>
